Using pre-set license
Built from '2020.2/staging' branch; Version is '2020.2.7f1 (c53830e277f1) revision 12924976'; Using compiler version '192528614'; Build Type 'Release'
OS: 'Windows 10 Pro; OS build 19044.2130; Version 2009; 64bit' Language: 'en' Physical Memory: 16314 MB
BatchMode: 1, IsHumanControllingUs: 0, StartBugReporterOnCrash: 0, Is64bit: 1, IsPro: 0

 COMMAND LINE ARGUMENTS:
C:\Program Files\Unity\Editor\Unity.exe
-adb2
-batchMode
-noUpm
-name
AssetImportWorker0
-projectPath
E:/Samin/Projects/ImmuNEX/ImmuNEX
-logFile
Logs/AssetImportWorker0.log
-srvPort
10593
Successfully changed project path to: E:/Samin/Projects/ImmuNEX/ImmuNEX
E:/Samin/Projects/ImmuNEX/ImmuNEX
Using Asset Import Pipeline V2.
Refreshing native plugins compatible for Editor in 22.42 ms, found 0 plugins.
Preloading 0 native plugins for Editor in 0.00 ms.
Initialize engine version: 2020.2.7f1 (c53830e277f1)
[Subsystems] Discovering subsystems at path C:/Program Files/Unity/Editor/Data/Resources/UnitySubsystems
[Subsystems] Discovering subsystems at path E:/Samin/Projects/ImmuNEX/ImmuNEX/Assets
GfxDevice: creating device client; threaded=0
Direct3D:
    Version:  Direct3D 11.0 [level 11.1]
    Renderer: NVIDIA GeForce GTX 1050 Ti (ID=0x1c82)
    Vendor:   
    VRAM:     4018 MB
    Driver:   30.0.15.1215
Initialize mono
Mono path[0] = 'C:/Program Files/Unity/Editor/Data/Managed'
Mono path[1] = 'C:/Program Files/Unity/Editor/Data/MonoBleedingEdge/lib/mono/unityjit'
Mono config path = 'C:/Program Files/Unity/Editor/Data/MonoBleedingEdge/etc'
Using monoOptions --debugger-agent=transport=dt_socket,embedding=1,server=y,suspend=n,address=127.0.0.1:56540
Begin MonoManager ReloadAssembly
Registering precompiled unity dll's ...
Register platform support module: C:/Program Files/Unity/Editor/Data/PlaybackEngines/WebGLSupport/UnityEditor.WebGL.Extensions.dll
Register platform support module: C:/Program Files/Unity/Editor/Data/PlaybackEngines/MacStandaloneSupport/UnityEditor.OSXStandalone.Extensions.dll
Register platform support module: C:/Program Files/Unity/Editor/Data/PlaybackEngines/WindowsStandaloneSupport/UnityEditor.WindowsStandalone.Extensions.dll
Registered in 0.002737 seconds.
Native extension for WindowsStandalone target not found
Native extension for OSXStandalone target not found
Native extension for WebGL target not found
Refreshing native plugins compatible for Editor in 20.69 ms, found 0 plugins.
Preloading 0 native plugins for Editor in 0.00 ms.
Invoked RoslynAnalysisRunner static constructor.
RoslynAnalysisRunner will not be running.
RoslynAnalysisRunner has terminated.
Mono: successfully reloaded assembly
- Completed reload, in  2.943 seconds
Platform modules already initialized, skipping
Registering precompiled user dll's ...
Registered in 0.000731 seconds.
Begin MonoManager ReloadAssembly
Native extension for WindowsStandalone target not found
Native extension for OSXStandalone target not found
Native extension for WebGL target not found
Refreshing native plugins compatible for Editor in 0.20 ms, found 0 plugins.
Preloading 0 native plugins for Editor in 0.00 ms.
Invoked RoslynAnalysisRunner static constructor.
RoslynAnalysisRunner will not be running.
RoslynAnalysisRunner has terminated.
Mono: successfully reloaded assembly
- Completed reload, in  0.840 seconds
Platform modules already initialized, skipping
========================================================================
Worker process is ready to serve import requests
Launched and connected shader compiler UnityShaderCompiler.exe after 0.06 seconds
Refreshing native plugins compatible for Editor in 0.22 ms, found 0 plugins.
Preloading 0 native plugins for Editor in 0.00 ms.
Unloading 1127 Unused Serialized files (Serialized files now loaded: 0)
System memory in use before: 57.5 MB.
System memory in use after: 57.6 MB.

Unloading 11 unused Assets to reduce memory usage. Loaded Objects now: 1571.
Total: 1.944400 ms (FindLiveObjects: 0.272200 ms CreateObjectMapping: 0.134600 ms MarkObjects: 1.452500 ms  DeleteObjects: 0.083900 ms)

========================================================================
Received Import Request.
  path: Assets/#Project/_Scripts/Registration Booth/PostRequest.cs
  artifactKey: Guid(329d55a4fc728a34ca21c41134c3bb35) Importer(815301076,1909f56bfc062723c751e8b465ee728b)
Start importing Assets/#Project/_Scripts/Registration Booth/PostRequest.cs using Guid(329d55a4fc728a34ca21c41134c3bb35) Importer(815301076,1909f56bfc062723c751e8b465ee728b)  -> (artifact id: 'e69ca3e9ac7df1327e01a83f45dd6b51') in 0.040390 seconds
  Import took 0.042609 seconds .

========================================================================
Received Prepare
Registering precompiled user dll's ...
Registered in 0.000910 seconds.
Begin MonoManager ReloadAssembly
Native extension for WindowsStandalone target not found
Native extension for OSXStandalone target not found
Native extension for WebGL target not found
Refreshing native plugins compatible for Editor in 0.26 ms, found 0 plugins.
Preloading 0 native plugins for Editor in 0.00 ms.
Invoked RoslynAnalysisRunner static constructor.
RoslynAnalysisRunner will not be running.
RoslynAnalysisRunner has terminated.
Mono: successfully reloaded assembly
- Completed reload, in  0.798 seconds
Platform modules already initialized, skipping
Refreshing native plugins compatible for Editor in 0.21 ms, found 0 plugins.
Preloading 0 native plugins for Editor in 0.00 ms.
Unloading 1122 Unused Serialized files (Serialized files now loaded: 0)
System memory in use before: 57.5 MB.
System memory in use after: 57.5 MB.

Unloading 6 unused Assets to reduce memory usage. Loaded Objects now: 1574.
Total: 1.709500 ms (FindLiveObjects: 0.131800 ms CreateObjectMapping: 0.062600 ms MarkObjects: 1.428600 ms  DeleteObjects: 0.085500 ms)

========================================================================
Received Prepare
Registering precompiled user dll's ...
Registered in 0.000820 seconds.
Begin MonoManager ReloadAssembly
Native extension for WindowsStandalone target not found
Native extension for OSXStandalone target not found
Native extension for WebGL target not found
Refreshing native plugins compatible for Editor in 0.23 ms, found 0 plugins.
Preloading 0 native plugins for Editor in 0.00 ms.
Invoked RoslynAnalysisRunner static constructor.
RoslynAnalysisRunner will not be running.
RoslynAnalysisRunner has terminated.
Mono: successfully reloaded assembly
- Completed reload, in  0.768 seconds
Platform modules already initialized, skipping
Refreshing native plugins compatible for Editor in 0.21 ms, found 0 plugins.
Preloading 0 native plugins for Editor in 0.00 ms.
Unloading 1122 Unused Serialized files (Serialized files now loaded: 0)
System memory in use before: 57.5 MB.
System memory in use after: 57.6 MB.

Unloading 6 unused Assets to reduce memory usage. Loaded Objects now: 1577.
Total: 1.984600 ms (FindLiveObjects: 0.191800 ms CreateObjectMapping: 0.097900 ms MarkObjects: 1.615000 ms  DeleteObjects: 0.078600 ms)

========================================================================
Received Prepare
Registering precompiled user dll's ...
Registered in 0.001088 seconds.
Begin MonoManager ReloadAssembly
Native extension for WindowsStandalone target not found
Native extension for OSXStandalone target not found
Native extension for WebGL target not found
Refreshing native plugins compatible for Editor in 0.21 ms, found 0 plugins.
Preloading 0 native plugins for Editor in 0.00 ms.
Invoked RoslynAnalysisRunner static constructor.
RoslynAnalysisRunner will not be running.
RoslynAnalysisRunner has terminated.
Mono: successfully reloaded assembly
- Completed reload, in  0.836 seconds
Platform modules already initialized, skipping
Refreshing native plugins compatible for Editor in 0.23 ms, found 0 plugins.
Preloading 0 native plugins for Editor in 0.00 ms.
Unloading 1122 Unused Serialized files (Serialized files now loaded: 0)
System memory in use before: 57.5 MB.
System memory in use after: 57.6 MB.

Unloading 6 unused Assets to reduce memory usage. Loaded Objects now: 1580.
Total: 1.940600 ms (FindLiveObjects: 0.227500 ms CreateObjectMapping: 0.082100 ms MarkObjects: 1.527700 ms  DeleteObjects: 0.102400 ms)

========================================================================
Received Prepare
Registering precompiled user dll's ...
Registered in 0.000736 seconds.
Begin MonoManager ReloadAssembly
Native extension for WindowsStandalone target not found
Native extension for OSXStandalone target not found
Native extension for WebGL target not found
Refreshing native plugins compatible for Editor in 0.20 ms, found 0 plugins.
Preloading 0 native plugins for Editor in 0.00 ms.
Invoked RoslynAnalysisRunner static constructor.
RoslynAnalysisRunner will not be running.
RoslynAnalysisRunner has terminated.
Mono: successfully reloaded assembly
- Completed reload, in  0.767 seconds
Platform modules already initialized, skipping
Refreshing native plugins compatible for Editor in 0.22 ms, found 0 plugins.
Preloading 0 native plugins for Editor in 0.00 ms.
Unloading 1122 Unused Serialized files (Serialized files now loaded: 0)
System memory in use before: 57.5 MB.
System memory in use after: 57.6 MB.

Unloading 6 unused Assets to reduce memory usage. Loaded Objects now: 1583.
Total: 1.500200 ms (FindLiveObjects: 0.131900 ms CreateObjectMapping: 0.035200 ms MarkObjects: 1.249900 ms  DeleteObjects: 0.082400 ms)

========================================================================
Received Import Request.
  Time since last request: 450.514708 seconds.
  path: Assets/#Project/_Scenes/Pre-Registration App.unity
  artifactKey: Guid(2026f6a5062ed494c997049f1f07ef64) Importer(815301076,1909f56bfc062723c751e8b465ee728b)
Start importing Assets/#Project/_Scenes/Pre-Registration App.unity using Guid(2026f6a5062ed494c997049f1f07ef64) Importer(815301076,1909f56bfc062723c751e8b465ee728b)  -> (artifact id: '71b0e0bf844b51285f8e43d5851b988f') in 0.026632 seconds
  Import took 0.028648 seconds .

========================================================================
Received Prepare
Registering precompiled user dll's ...
Registered in 0.000776 seconds.
Begin MonoManager ReloadAssembly
Native extension for WindowsStandalone target not found
Native extension for OSXStandalone target not found
Native extension for WebGL target not found
Refreshing native plugins compatible for Editor in 0.20 ms, found 0 plugins.
Preloading 0 native plugins for Editor in 0.00 ms.
Invoked RoslynAnalysisRunner static constructor.
RoslynAnalysisRunner will not be running.
RoslynAnalysisRunner has terminated.
Mono: successfully reloaded assembly
- Completed reload, in  0.790 seconds
Platform modules already initialized, skipping
Refreshing native plugins compatible for Editor in 0.24 ms, found 0 plugins.
Preloading 0 native plugins for Editor in 0.00 ms.
Unloading 1122 Unused Serialized files (Serialized files now loaded: 0)
System memory in use before: 57.5 MB.
System memory in use after: 57.6 MB.

Unloading 6 unused Assets to reduce memory usage. Loaded Objects now: 1586.
Total: 1.904000 ms (FindLiveObjects: 0.198100 ms CreateObjectMapping: 0.063100 ms MarkObjects: 1.575300 ms  DeleteObjects: 0.066400 ms)

========================================================================
Received Prepare
Registering precompiled user dll's ...
Registered in 0.001066 seconds.
Begin MonoManager ReloadAssembly
Native extension for WindowsStandalone target not found
Native extension for OSXStandalone target not found
Native extension for WebGL target not found
Refreshing native plugins compatible for Editor in 0.19 ms, found 0 plugins.
Preloading 0 native plugins for Editor in 0.00 ms.
Invoked RoslynAnalysisRunner static constructor.
RoslynAnalysisRunner will not be running.
RoslynAnalysisRunner has terminated.
Mono: successfully reloaded assembly
- Completed reload, in  0.776 seconds
Platform modules already initialized, skipping
Refreshing native plugins compatible for Editor in 0.23 ms, found 0 plugins.
Preloading 0 native plugins for Editor in 0.00 ms.
Unloading 1122 Unused Serialized files (Serialized files now loaded: 0)
System memory in use before: 57.5 MB.
System memory in use after: 57.6 MB.

Unloading 6 unused Assets to reduce memory usage. Loaded Objects now: 1589.
Total: 1.721000 ms (FindLiveObjects: 0.175600 ms CreateObjectMapping: 0.053400 ms MarkObjects: 1.408100 ms  DeleteObjects: 0.083100 ms)

========================================================================
Received Prepare
Registering precompiled user dll's ...
Registered in 0.000805 seconds.
Begin MonoManager ReloadAssembly
Native extension for WindowsStandalone target not found
Native extension for OSXStandalone target not found
Native extension for WebGL target not found
Refreshing native plugins compatible for Editor in 0.23 ms, found 0 plugins.
Preloading 0 native plugins for Editor in 0.00 ms.
Invoked RoslynAnalysisRunner static constructor.
RoslynAnalysisRunner will not be running.
RoslynAnalysisRunner has terminated.
Mono: successfully reloaded assembly
- Completed reload, in  0.817 seconds
Platform modules already initialized, skipping
Refreshing native plugins compatible for Editor in 0.21 ms, found 0 plugins.
Preloading 0 native plugins for Editor in 0.00 ms.
Unloading 1122 Unused Serialized files (Serialized files now loaded: 0)
System memory in use before: 57.5 MB.
System memory in use after: 57.6 MB.

Unloading 6 unused Assets to reduce memory usage. Loaded Objects now: 1592.
Total: 1.789100 ms (FindLiveObjects: 0.166200 ms CreateObjectMapping: 0.037500 ms MarkObjects: 1.524300 ms  DeleteObjects: 0.060100 ms)

========================================================================
Received Prepare
Registering precompiled user dll's ...
Registered in 0.000884 seconds.
Begin MonoManager ReloadAssembly
Native extension for WindowsStandalone target not found
Native extension for OSXStandalone target not found
Native extension for WebGL target not found
Refreshing native plugins compatible for Editor in 0.23 ms, found 0 plugins.
Preloading 0 native plugins for Editor in 0.00 ms.
Invoked RoslynAnalysisRunner static constructor.
RoslynAnalysisRunner will not be running.
RoslynAnalysisRunner has terminated.
Mono: successfully reloaded assembly
- Completed reload, in  0.820 seconds
Platform modules already initialized, skipping
Refreshing native plugins compatible for Editor in 0.23 ms, found 0 plugins.
Preloading 0 native plugins for Editor in 0.00 ms.
Unloading 1122 Unused Serialized files (Serialized files now loaded: 0)
System memory in use before: 57.5 MB.
System memory in use after: 57.6 MB.

Unloading 6 unused Assets to reduce memory usage. Loaded Objects now: 1595.
Total: 1.862100 ms (FindLiveObjects: 0.157200 ms CreateObjectMapping: 0.044400 ms MarkObjects: 1.594000 ms  DeleteObjects: 0.065600 ms)

========================================================================
Received Prepare
Registering precompiled user dll's ...
Registered in 0.000882 seconds.
Begin MonoManager ReloadAssembly
Native extension for WindowsStandalone target not found
Native extension for OSXStandalone target not found
Native extension for WebGL target not found
Refreshing native plugins compatible for Editor in 0.21 ms, found 0 plugins.
Preloading 0 native plugins for Editor in 0.00 ms.
Invoked RoslynAnalysisRunner static constructor.
RoslynAnalysisRunner will not be running.
RoslynAnalysisRunner has terminated.
Mono: successfully reloaded assembly
- Completed reload, in  0.792 seconds
Platform modules already initialized, skipping
Refreshing native plugins compatible for Editor in 0.23 ms, found 0 plugins.
Preloading 0 native plugins for Editor in 0.00 ms.
Unloading 1122 Unused Serialized files (Serialized files now loaded: 0)
System memory in use before: 57.5 MB.
System memory in use after: 57.6 MB.

Unloading 6 unused Assets to reduce memory usage. Loaded Objects now: 1598.
Total: 1.739800 ms (FindLiveObjects: 0.222600 ms CreateObjectMapping: 0.072400 ms MarkObjects: 1.390900 ms  DeleteObjects: 0.052300 ms)

========================================================================
Received Prepare
Registering precompiled user dll's ...
Registered in 0.001532 seconds.
Begin MonoManager ReloadAssembly
Native extension for WindowsStandalone target not found
Native extension for OSXStandalone target not found
Native extension for WebGL target not found
Refreshing native plugins compatible for Editor in 0.21 ms, found 0 plugins.
Preloading 0 native plugins for Editor in 0.00 ms.
Invoked RoslynAnalysisRunner static constructor.
RoslynAnalysisRunner will not be running.
RoslynAnalysisRunner has terminated.
Mono: successfully reloaded assembly
- Completed reload, in  0.869 seconds
Platform modules already initialized, skipping
Refreshing native plugins compatible for Editor in 0.25 ms, found 0 plugins.
Preloading 0 native plugins for Editor in 0.00 ms.
Unloading 1122 Unused Serialized files (Serialized files now loaded: 0)
System memory in use before: 57.6 MB.
System memory in use after: 57.6 MB.

Unloading 6 unused Assets to reduce memory usage. Loaded Objects now: 1601.
Total: 2.412400 ms (FindLiveObjects: 0.163800 ms CreateObjectMapping: 0.043500 ms MarkObjects: 2.145600 ms  DeleteObjects: 0.058200 ms)

========================================================================
Received Import Request.
  Time since last request: 4924.937450 seconds.
  path: Assets/#Project/Nan-Ui-Asset/Immunext-Ui-BG.png
  artifactKey: Guid(3abcc193b873ab4469e849fadbe48f8d) Importer(815301076,1909f56bfc062723c751e8b465ee728b)
Start importing Assets/#Project/Nan-Ui-Asset/Immunext-Ui-BG.png using Guid(3abcc193b873ab4469e849fadbe48f8d) Importer(815301076,1909f56bfc062723c751e8b465ee728b)  -> (artifact id: '33c69127cc48219549759f9c0e0ce6ea') in 0.117039 seconds
  Import took 0.122997 seconds .

========================================================================
Received Import Request.
  Time since last request: 0.000291 seconds.
  path: Assets/#Project/Nan-Ui-Asset/Immunext-Ui-Female-Avatar.png
  artifactKey: Guid(290ee4d01fd21524c9fa47b671c2527a) Importer(815301076,1909f56bfc062723c751e8b465ee728b)
Start importing Assets/#Project/Nan-Ui-Asset/Immunext-Ui-Female-Avatar.png using Guid(290ee4d01fd21524c9fa47b671c2527a) Importer(815301076,1909f56bfc062723c751e8b465ee728b)  -> (artifact id: '94abe6ce3c57bce6ddeaaa70f99a94fb') in 0.012886 seconds
  Import took 0.014922 seconds .

========================================================================
Received Import Request.
  Time since last request: 0.000311 seconds.
  path: Assets/#Project/Nan-Ui-Asset/Immunext-Ui-Male-Avatar.png
  artifactKey: Guid(9d53be97bf62801479ba1bba67bf28a4) Importer(815301076,1909f56bfc062723c751e8b465ee728b)
Start importing Assets/#Project/Nan-Ui-Asset/Immunext-Ui-Male-Avatar.png using Guid(9d53be97bf62801479ba1bba67bf28a4) Importer(815301076,1909f56bfc062723c751e8b465ee728b)  -> (artifact id: 'ca9276dca54cdb5970740764a573d324') in 0.010754 seconds
  Import took 0.013010 seconds .

========================================================================
Received Import Request.
  Time since last request: 0.000213 seconds.
  path: Assets/#Project/Nan-Ui-Asset/Immunext-Ui-Round-Circle.png
  artifactKey: Guid(23ae94c8988f2804ba9be9ed9ff05b8d) Importer(815301076,1909f56bfc062723c751e8b465ee728b)
Start importing Assets/#Project/Nan-Ui-Asset/Immunext-Ui-Round-Circle.png using Guid(23ae94c8988f2804ba9be9ed9ff05b8d) Importer(815301076,1909f56bfc062723c751e8b465ee728b)  -> (artifact id: 'e51e4a88df7de34f4a842b805bf673eb') in 0.010690 seconds
  Import took 0.013625 seconds .

========================================================================
Received Import Request.
  Time since last request: 0.000240 seconds.
  path: Assets/#Project/Nan-Ui-Asset/Nan-Ui-BG.png
  artifactKey: Guid(12cec19cad8069046a4f110d336d7c26) Importer(815301076,1909f56bfc062723c751e8b465ee728b)
Start importing Assets/#Project/Nan-Ui-Asset/Nan-Ui-BG.png using Guid(12cec19cad8069046a4f110d336d7c26) Importer(815301076,1909f56bfc062723c751e8b465ee728b)  -> (artifact id: 'e896f56a959257dd6815e6bfbbab2997') in 0.023097 seconds
  Import took 0.025936 seconds .

========================================================================
Received Import Request.
  Time since last request: 0.003622 seconds.
  path: Assets/#Project/Nan-Ui-Asset/Nan-Ui-BG.png
  artifactKey: Guid(12cec19cad8069046a4f110d336d7c26) Importer(815301076,1909f56bfc062723c751e8b465ee728b)
Start importing Assets/#Project/Nan-Ui-Asset/Nan-Ui-BG.png using Guid(12cec19cad8069046a4f110d336d7c26) Importer(815301076,1909f56bfc062723c751e8b465ee728b)  -> (artifact id: 'e896f56a959257dd6815e6bfbbab2997') in 0.006456 seconds
  Import took 0.009231 seconds .

========================================================================
Received Import Request.
  Time since last request: 44.051795 seconds.
  path: Assets/#Project/Nan-Ui-Asset/Immunext-Ui-BG.png
  artifactKey: Guid(3abcc193b873ab4469e849fadbe48f8d) Importer(815301076,1909f56bfc062723c751e8b465ee728b)
Start importing Assets/#Project/Nan-Ui-Asset/Immunext-Ui-BG.png using Guid(3abcc193b873ab4469e849fadbe48f8d) Importer(815301076,1909f56bfc062723c751e8b465ee728b)  -> (artifact id: '24935a18c4199ad9ce43ff4a390b8f02') in 0.056764 seconds
  Import took 0.069313 seconds .

========================================================================
Received Import Request.
  Time since last request: 788.628030 seconds.
  path: Assets/#Project/Nan-Ui-Asset/Immunext-Ui-Female-Avatar.png
  artifactKey: Guid(290ee4d01fd21524c9fa47b671c2527a) Importer(815301076,1909f56bfc062723c751e8b465ee728b)
Start importing Assets/#Project/Nan-Ui-Asset/Immunext-Ui-Female-Avatar.png using Guid(290ee4d01fd21524c9fa47b671c2527a) Importer(815301076,1909f56bfc062723c751e8b465ee728b)  -> (artifact id: 'b164171785ca0faff2213b40ce5242d7') in 0.016275 seconds
  Import took 0.018680 seconds .

========================================================================
Received Import Request.
  Time since last request: 4.240302 seconds.
  path: Assets/#Project/Nan-Ui-Asset/Immunext-Ui-Male-Avatar.png
  artifactKey: Guid(9d53be97bf62801479ba1bba67bf28a4) Importer(815301076,1909f56bfc062723c751e8b465ee728b)
Start importing Assets/#Project/Nan-Ui-Asset/Immunext-Ui-Male-Avatar.png using Guid(9d53be97bf62801479ba1bba67bf28a4) Importer(815301076,1909f56bfc062723c751e8b465ee728b)  -> (artifact id: '8892babbe1cdeb4d7e6cf915a6ad27e0') in 0.013167 seconds
  Import took 0.015984 seconds .

========================================================================
Received Prepare
Registering precompiled user dll's ...
Registered in 0.000916 seconds.
Begin MonoManager ReloadAssembly
Native extension for WindowsStandalone target not found
Native extension for OSXStandalone target not found
Native extension for WebGL target not found
Refreshing native plugins compatible for Editor in 0.23 ms, found 0 plugins.
Preloading 0 native plugins for Editor in 0.00 ms.
Invoked RoslynAnalysisRunner static constructor.
RoslynAnalysisRunner will not be running.
RoslynAnalysisRunner has terminated.
Mono: successfully reloaded assembly
- Completed reload, in  1.027 seconds
Platform modules already initialized, skipping
Refreshing native plugins compatible for Editor in 0.39 ms, found 0 plugins.
Preloading 0 native plugins for Editor in 0.00 ms.
Unloading 1122 Unused Serialized files (Serialized files now loaded: 0)
System memory in use before: 60.7 MB.
System memory in use after: 60.7 MB.

Unloading 6 unused Assets to reduce memory usage. Loaded Objects now: 1613.
Total: 2.451800 ms (FindLiveObjects: 0.167200 ms CreateObjectMapping: 0.055300 ms MarkObjects: 2.154600 ms  DeleteObjects: 0.073600 ms)

========================================================================
Received Prepare
Registering precompiled user dll's ...
Registered in 0.000746 seconds.
Begin MonoManager ReloadAssembly
Native extension for WindowsStandalone target not found
Native extension for OSXStandalone target not found
Native extension for WebGL target not found
Refreshing native plugins compatible for Editor in 0.20 ms, found 0 plugins.
Preloading 0 native plugins for Editor in 0.00 ms.
Invoked RoslynAnalysisRunner static constructor.
RoslynAnalysisRunner will not be running.
RoslynAnalysisRunner has terminated.
Mono: successfully reloaded assembly
- Completed reload, in  0.793 seconds
Platform modules already initialized, skipping
Refreshing native plugins compatible for Editor in 0.24 ms, found 0 plugins.
Preloading 0 native plugins for Editor in 0.00 ms.
Unloading 1122 Unused Serialized files (Serialized files now loaded: 0)
System memory in use before: 60.7 MB.
System memory in use after: 60.7 MB.

Unloading 6 unused Assets to reduce memory usage. Loaded Objects now: 1616.
Total: 2.227200 ms (FindLiveObjects: 0.166000 ms CreateObjectMapping: 0.045400 ms MarkObjects: 1.942300 ms  DeleteObjects: 0.072300 ms)

========================================================================
Received Prepare
Registering precompiled user dll's ...
Registered in 0.000940 seconds.
Begin MonoManager ReloadAssembly
Native extension for WindowsStandalone target not found
Native extension for OSXStandalone target not found
Native extension for WebGL target not found
Refreshing native plugins compatible for Editor in 0.33 ms, found 0 plugins.
Preloading 0 native plugins for Editor in 0.00 ms.
Invoked RoslynAnalysisRunner static constructor.
RoslynAnalysisRunner will not be running.
RoslynAnalysisRunner has terminated.
Mono: successfully reloaded assembly
- Completed reload, in  1.008 seconds
Platform modules already initialized, skipping
Refreshing native plugins compatible for Editor in 0.26 ms, found 0 plugins.
Preloading 0 native plugins for Editor in 0.00 ms.
Unloading 1122 Unused Serialized files (Serialized files now loaded: 0)
System memory in use before: 60.7 MB.
System memory in use after: 60.7 MB.

Unloading 6 unused Assets to reduce memory usage. Loaded Objects now: 1619.
Total: 1.684100 ms (FindLiveObjects: 0.202900 ms CreateObjectMapping: 0.033300 ms MarkObjects: 1.388900 ms  DeleteObjects: 0.057800 ms)

========================================================================
Received Prepare
Registering precompiled user dll's ...
Registered in 0.000784 seconds.
Begin MonoManager ReloadAssembly
Native extension for WindowsStandalone target not found
Native extension for OSXStandalone target not found
Native extension for WebGL target not found
Refreshing native plugins compatible for Editor in 0.22 ms, found 0 plugins.
Preloading 0 native plugins for Editor in 0.00 ms.
Invoked RoslynAnalysisRunner static constructor.
RoslynAnalysisRunner will not be running.
RoslynAnalysisRunner has terminated.
Mono: successfully reloaded assembly
- Completed reload, in  0.833 seconds
Platform modules already initialized, skipping
Refreshing native plugins compatible for Editor in 0.21 ms, found 0 plugins.
Preloading 0 native plugins for Editor in 0.00 ms.
Unloading 1122 Unused Serialized files (Serialized files now loaded: 0)
System memory in use before: 60.7 MB.
System memory in use after: 60.8 MB.

Unloading 6 unused Assets to reduce memory usage. Loaded Objects now: 1622.
Total: 1.903400 ms (FindLiveObjects: 0.269900 ms CreateObjectMapping: 0.039600 ms MarkObjects: 1.496800 ms  DeleteObjects: 0.081700 ms)

========================================================================
Received Prepare
Registering precompiled user dll's ...
Registered in 0.001326 seconds.
Begin MonoManager ReloadAssembly
Native extension for WindowsStandalone target not found
Native extension for OSXStandalone target not found
Native extension for WebGL target not found
Refreshing native plugins compatible for Editor in 0.20 ms, found 0 plugins.
Preloading 0 native plugins for Editor in 0.00 ms.
Invoked RoslynAnalysisRunner static constructor.
RoslynAnalysisRunner will not be running.
RoslynAnalysisRunner has terminated.
Mono: successfully reloaded assembly
- Completed reload, in  0.749 seconds
Platform modules already initialized, skipping
Refreshing native plugins compatible for Editor in 0.23 ms, found 0 plugins.
Preloading 0 native plugins for Editor in 0.00 ms.
Unloading 1122 Unused Serialized files (Serialized files now loaded: 0)
System memory in use before: 60.7 MB.
System memory in use after: 60.8 MB.

Unloading 6 unused Assets to reduce memory usage. Loaded Objects now: 1625.
Total: 1.753600 ms (FindLiveObjects: 0.134800 ms CreateObjectMapping: 0.038700 ms MarkObjects: 1.494700 ms  DeleteObjects: 0.084500 ms)

========================================================================
Received Import Request.
  Time since last request: 2609.488616 seconds.
  path: Assets/#Project/_Videos/Render Textures/Room 3
  artifactKey: Guid(57cd598e43e7ec642a8af398b4a1f3f4) Importer(815301076,1909f56bfc062723c751e8b465ee728b)
Start importing Assets/#Project/_Videos/Render Textures/Room 3 using Guid(57cd598e43e7ec642a8af398b4a1f3f4) Importer(815301076,1909f56bfc062723c751e8b465ee728b)  -> (artifact id: '43889655ed7a47d5efe2788082f02d68') in 0.009837 seconds
  Import took 0.012625 seconds .

========================================================================
Received Import Request.
  Time since last request: 28.524921 seconds.
  path: Assets/#Project/_Videos/Render Textures/Room 3/Display 1.renderTexture
  artifactKey: Guid(be301a6acdcb9824bb92d74c1c9519c0) Importer(815301076,1909f56bfc062723c751e8b465ee728b)
Start importing Assets/#Project/_Videos/Render Textures/Room 3/Display 1.renderTexture using Guid(be301a6acdcb9824bb92d74c1c9519c0) Importer(815301076,1909f56bfc062723c751e8b465ee728b)  -> (artifact id: '6997b8acb01d855b19ef3d86a2a2fd08') in 0.052905 seconds
  Import took 0.055205 seconds .

========================================================================
Received Import Request.
  Time since last request: 0.638529 seconds.
  path: Assets/#Project/_Videos/Render Textures/Room 3/Display 2.renderTexture
  artifactKey: Guid(a3170c6520f967b4890cb086acabfa3f) Importer(815301076,1909f56bfc062723c751e8b465ee728b)
Start importing Assets/#Project/_Videos/Render Textures/Room 3/Display 2.renderTexture using Guid(a3170c6520f967b4890cb086acabfa3f) Importer(815301076,1909f56bfc062723c751e8b465ee728b)  -> (artifact id: 'dabc95a92df12e88e3b24038da150c60') in 0.012429 seconds
  Import took 0.015164 seconds .

========================================================================
Received Import Request.
  Time since last request: 0.806556 seconds.
  path: Assets/#Project/_Videos/Render Textures/Room 3/Display 3.renderTexture
  artifactKey: Guid(75e5c592830f06a4aaf1855cd7ccfd13) Importer(815301076,1909f56bfc062723c751e8b465ee728b)
Start importing Assets/#Project/_Videos/Render Textures/Room 3/Display 3.renderTexture using Guid(75e5c592830f06a4aaf1855cd7ccfd13) Importer(815301076,1909f56bfc062723c751e8b465ee728b)  -> (artifact id: 'e0cd7b89687ffe5e6eb2ae6b219f60c6') in 0.010973 seconds
  Import took 0.013378 seconds .

========================================================================
Received Prepare
Registering precompiled user dll's ...
Registered in 0.001167 seconds.
Begin MonoManager ReloadAssembly
Native extension for WindowsStandalone target not found
Native extension for OSXStandalone target not found
Native extension for WebGL target not found
Refreshing native plugins compatible for Editor in 0.22 ms, found 0 plugins.
Preloading 0 native plugins for Editor in 0.00 ms.
Invoked RoslynAnalysisRunner static constructor.
RoslynAnalysisRunner will not be running.
RoslynAnalysisRunner has terminated.
Mono: successfully reloaded assembly
- Completed reload, in  0.812 seconds
Platform modules already initialized, skipping
Refreshing native plugins compatible for Editor in 0.23 ms, found 0 plugins.
Preloading 0 native plugins for Editor in 0.00 ms.
Unloading 1122 Unused Serialized files (Serialized files now loaded: 0)
System memory in use before: 60.7 MB.
System memory in use after: 60.8 MB.

Unloading 6 unused Assets to reduce memory usage. Loaded Objects now: 1631.
Total: 1.857700 ms (FindLiveObjects: 0.168000 ms CreateObjectMapping: 0.033600 ms MarkObjects: 1.574000 ms  DeleteObjects: 0.081100 ms)

========================================================================
Received Import Request.
  Time since last request: 96.858444 seconds.
  path: Assets/#Project/_Videos/Render Textures/Room 3/Display 4.renderTexture
  artifactKey: Guid(c8c0df52624b74448a31ab2e11fbadbb) Importer(815301076,1909f56bfc062723c751e8b465ee728b)
Start importing Assets/#Project/_Videos/Render Textures/Room 3/Display 4.renderTexture using Guid(c8c0df52624b74448a31ab2e11fbadbb) Importer(815301076,1909f56bfc062723c751e8b465ee728b)  -> (artifact id: 'ac2e63222f250eed45d8f22474b3d260') in 0.033717 seconds
  Import took 0.035623 seconds .

========================================================================
Received Prepare
Registering precompiled user dll's ...
Registered in 0.000724 seconds.
Begin MonoManager ReloadAssembly
Native extension for WindowsStandalone target not found
Native extension for OSXStandalone target not found
Native extension for WebGL target not found
Refreshing native plugins compatible for Editor in 0.25 ms, found 0 plugins.
Preloading 0 native plugins for Editor in 0.00 ms.
Invoked RoslynAnalysisRunner static constructor.
RoslynAnalysisRunner will not be running.
RoslynAnalysisRunner has terminated.
Mono: successfully reloaded assembly
- Completed reload, in  0.781 seconds
Platform modules already initialized, skipping
Refreshing native plugins compatible for Editor in 0.24 ms, found 0 plugins.
Preloading 0 native plugins for Editor in 0.00 ms.
Unloading 1122 Unused Serialized files (Serialized files now loaded: 0)
System memory in use before: 60.7 MB.
System memory in use after: 60.8 MB.

Unloading 6 unused Assets to reduce memory usage. Loaded Objects now: 1634.
Total: 2.211100 ms (FindLiveObjects: 0.316100 ms CreateObjectMapping: 0.121900 ms MarkObjects: 1.704200 ms  DeleteObjects: 0.066600 ms)

========================================================================
Received Import Request.
  Time since last request: 324.219519 seconds.
  path: Assets/#Project/_Prefabs/Room 3
  artifactKey: Guid(a589f1e0a8eb3ab458b57f9d2cd3e4df) Importer(815301076,1909f56bfc062723c751e8b465ee728b)
Start importing Assets/#Project/_Prefabs/Room 3 using Guid(a589f1e0a8eb3ab458b57f9d2cd3e4df) Importer(815301076,1909f56bfc062723c751e8b465ee728b)  -> (artifact id: '0d971444105c1c26c64534c21b870281') in 0.005879 seconds
  Import took 0.018837 seconds .

========================================================================
Received Import Request.
  Time since last request: 0.000552 seconds.
  path: Assets/#Project/_Prefabs/Room 3
  artifactKey: Guid(a589f1e0a8eb3ab458b57f9d2cd3e4df) Importer(815301076,1909f56bfc062723c751e8b465ee728b)
Start importing Assets/#Project/_Prefabs/Room 3 using Guid(a589f1e0a8eb3ab458b57f9d2cd3e4df) Importer(815301076,1909f56bfc062723c751e8b465ee728b)  -> (artifact id: '0d971444105c1c26c64534c21b870281') in 0.002154 seconds
  Import took 0.004114 seconds .

========================================================================
Received Import Request.
  Time since last request: 5.903793 seconds.
  path: Assets/#Project/_Prefabs/Room 3/Display 1 Canvas.prefab
  artifactKey: Guid(923f325f23372d24981a35ea22068eed) Importer(815301076,1909f56bfc062723c751e8b465ee728b)
Start importing Assets/#Project/_Prefabs/Room 3/Display 1 Canvas.prefab using Guid(923f325f23372d24981a35ea22068eed) Importer(815301076,1909f56bfc062723c751e8b465ee728b)  -> (artifact id: '7366d8683457ef6835358c0b0efd2b60') in 0.044277 seconds
  Import took 0.046805 seconds .

========================================================================
Received Import Request.
  Time since last request: 2.327716 seconds.
  path: Assets/#Project/_Prefabs/Room 3/Display 2 Canvas.prefab
  artifactKey: Guid(e54f1e0e8aabef142b819ca2676158ec) Importer(815301076,1909f56bfc062723c751e8b465ee728b)
Start importing Assets/#Project/_Prefabs/Room 3/Display 2 Canvas.prefab using Guid(e54f1e0e8aabef142b819ca2676158ec) Importer(815301076,1909f56bfc062723c751e8b465ee728b)  -> (artifact id: '9db946f79b0a0be6e9af3d5404638d25') in 0.007090 seconds
  Import took 0.009847 seconds .

========================================================================
Received Import Request.
  Time since last request: 0.004312 seconds.
  path: Assets/#Project/_Prefabs/Room 3/Display 2 Canvas.prefab
  artifactKey: Guid(e54f1e0e8aabef142b819ca2676158ec) Importer(815301076,1909f56bfc062723c751e8b465ee728b)
Start importing Assets/#Project/_Prefabs/Room 3/Display 2 Canvas.prefab using Guid(e54f1e0e8aabef142b819ca2676158ec) Importer(815301076,1909f56bfc062723c751e8b465ee728b)  -> (artifact id: '9db946f79b0a0be6e9af3d5404638d25') in 0.004336 seconds
  Import took 0.006989 seconds .

========================================================================
Received Import Request.
  Time since last request: 3.138429 seconds.
  path: Assets/#Project/_Prefabs/Room 3/Display 3 Canvas.prefab
  artifactKey: Guid(2d0f97ad5a37c95429fde3352268908d) Importer(815301076,1909f56bfc062723c751e8b465ee728b)
Start importing Assets/#Project/_Prefabs/Room 3/Display 3 Canvas.prefab using Guid(2d0f97ad5a37c95429fde3352268908d) Importer(815301076,1909f56bfc062723c751e8b465ee728b)  -> (artifact id: '84e8aa7b46957ab29d1ecccda3a1501d') in 0.007630 seconds
  Import took 0.009932 seconds .

========================================================================
Received Import Request.
  Time since last request: 0.005210 seconds.
  path: Assets/#Project/_Prefabs/Room 3/Display 3 Canvas.prefab
  artifactKey: Guid(2d0f97ad5a37c95429fde3352268908d) Importer(815301076,1909f56bfc062723c751e8b465ee728b)
Start importing Assets/#Project/_Prefabs/Room 3/Display 3 Canvas.prefab using Guid(2d0f97ad5a37c95429fde3352268908d) Importer(815301076,1909f56bfc062723c751e8b465ee728b)  -> (artifact id: '84e8aa7b46957ab29d1ecccda3a1501d') in 0.004581 seconds
  Import took 0.006740 seconds .

========================================================================
Received Import Request.
  Time since last request: 1.986115 seconds.
  path: Assets/#Project/_Prefabs/Room 3/Display 4 Canvas.prefab
  artifactKey: Guid(1831b9b567399144f8187c9b4cb29d89) Importer(815301076,1909f56bfc062723c751e8b465ee728b)
Start importing Assets/#Project/_Prefabs/Room 3/Display 4 Canvas.prefab using Guid(1831b9b567399144f8187c9b4cb29d89) Importer(815301076,1909f56bfc062723c751e8b465ee728b)  -> (artifact id: '2b4ec27e4a4e23743722eb51061912d2') in 0.008748 seconds
  Import took 0.011788 seconds .

========================================================================
Received Import Request.
  Time since last request: 0.004563 seconds.
  path: Assets/#Project/_Prefabs/Room 3/Display 4 Canvas.prefab
  artifactKey: Guid(1831b9b567399144f8187c9b4cb29d89) Importer(815301076,1909f56bfc062723c751e8b465ee728b)
Start importing Assets/#Project/_Prefabs/Room 3/Display 4 Canvas.prefab using Guid(1831b9b567399144f8187c9b4cb29d89) Importer(815301076,1909f56bfc062723c751e8b465ee728b)  -> (artifact id: '2b4ec27e4a4e23743722eb51061912d2') in 0.004412 seconds
  Import took 0.006540 seconds .

